# JRE version: OpenJDK Runtime Environment (16.0.2+7) (build 16.0.2+7-67)
# Java VM: OpenJDK 64-Bit Server VM (16.0.2+7-67, mixed mode, tiered, compressed oops, compressed class ptrs, g1 gc, windows-amd64)
GC Precious Log:
 CPUs: 4 total, 4 available
 Memory: 8101M
 Large Page Support: Disabled
 NUMA Support: Disabled
 Compressed Oops: Enabled (32-bit)
 Heap Region Size: 1M
 Heap Min Capacity: 8M
 Heap Initial Capacity: 128M
 Heap Max Capacity: 2026M
 Pre-touch: Disabled
 Parallel Workers: 4
 Concurrent Workers: 1
 Concurrent Refinement Workers: 4
 Periodic GC: Disabled
Heap:
 garbage-first heap   total 41984K, used 25652K [0x0000000081600000, 0x0000000100000000)
  region size 1024K, 10 young (10240K), 1 survivors (1024K)
 Metaspace       used 48896K, committed 49280K, reserved 1097728K
  class space    used 5968K, committed 6144K, reserved 1048576K
GC Heap History (20 events):
Event: 5.824 GC heap before
{Heap before GC invocations=8 (full 0):
 garbage-first heap   total 34816K, used 25010K [0x0000000081600000, 0x0000000100000000)
  region size 1024K, 16 young (16384K), 1 survivors (1024K)
 Metaspace       used 29889K, committed 30144K, reserved 1081344K
  class space    used 3605K, committed 3712K, reserved 1048576K
}
Event: 5.829 GC heap after
{Heap after GC invocations=9 (full 0):
 garbage-first heap   total 34816K, used 10817K [0x0000000081600000, 0x0000000100000000)
  region size 1024K, 2 young (2048K), 2 survivors (2048K)
 Metaspace       used 29889K, committed 30144K, reserved 1081344K
  class space    used 3605K, committed 3712K, reserved 1048576K
}
Event: 6.434 GC heap before
{Heap before GC invocations=9 (full 0):
 garbage-first heap   total 34816K, used 25153K [0x0000000081600000, 0x0000000100000000)
  region size 1024K, 16 young (16384K), 2 survivors (2048K)
 Metaspace       used 31804K, committed 32128K, reserved 1081344K
  class space    used 3921K, committed 4096K, reserved 1048576K
}
Event: 6.441 GC heap after
{Heap after GC invocations=10 (full 0):
 garbage-first heap   total 34816K, used 12318K [0x0000000081600000, 0x0000000100000000)
  region size 1024K, 2 young (2048K), 2 survivors (2048K)
 Metaspace       used 31804K, committed 32128K, reserved 1081344K
  class space    used 3921K, committed 4096K, reserved 1048576K
}
Event: 6.748 GC heap before
{Heap before GC invocations=10 (full 0):
 garbage-first heap   total 34816K, used 24606K [0x0000000081600000, 0x0000000100000000)
  region size 1024K, 14 young (14336K), 2 survivors (2048K)
 Metaspace       used 33299K, committed 33600K, reserved 1081344K
  class space    used 4078K, committed 4224K, reserved 1048576K
}
Event: 6.753 GC heap after
{Heap after GC invocations=11 (full 0):
 garbage-first heap   total 41984K, used 13172K [0x0000000081600000, 0x0000000100000000)
  region size 1024K, 1 young (1024K), 1 survivors (1024K)
 Metaspace       used 33299K, committed 33600K, reserved 1081344K
  class space    used 4078K, committed 4224K, reserved 1048576K
}
Event: 7.249 GC heap before
{Heap before GC invocations=11 (full 0):
 garbage-first heap   total 41984K, used 29556K [0x0000000081600000, 0x0000000100000000)
  region size 1024K, 18 young (18432K), 1 survivors (1024K)
 Metaspace       used 35420K, committed 35776K, reserved 1081344K
  class space    used 4329K, committed 4480K, reserved 1048576K
}
Event: 7.254 GC heap after
{Heap after GC invocations=12 (full 0):
 garbage-first heap   total 41984K, used 14096K [0x0000000081600000, 0x0000000100000000)
  region size 1024K, 2 young (2048K), 2 survivors (2048K)
 Metaspace       used 35420K, committed 35776K, reserved 1081344K
  class space    used 4329K, committed 4480K, reserved 1048576K
}
Event: 7.269 GC heap before
{Heap before GC invocations=12 (full 0):
 garbage-first heap   total 41984K, used 14096K [0x0000000081600000, 0x0000000100000000)
  region size 1024K, 3 young (3072K), 2 survivors (2048K)
 Metaspace       used 35456K, committed 35776K, reserved 1081344K
  class space    used 4332K, committed 4480K, reserved 1048576K
}
Event: 7.273 GC heap after
{Heap after GC invocations=13 (full 0):
 garbage-first heap   total 41984K, used 14099K [0x0000000081600000, 0x0000000100000000)
  region size 1024K, 1 young (1024K), 1 survivors (1024K)
 Metaspace       used 35456K, committed 35776K, reserved 1081344K
  class space    used 4332K, committed 4480K, reserved 1048576K
}
Event: 7.791 GC heap before
{Heap before GC invocations=14 (full 0):
 garbage-first heap   total 41984K, used 30483K [0x0000000081600000, 0x0000000100000000)
  region size 1024K, 18 young (18432K), 1 survivors (1024K)
 Metaspace       used 39111K, committed 39488K, reserved 1089536K
  class space    used 4804K, committed 4992K, reserved 1048576K
}
Event: 7.795 GC heap after
{Heap after GC invocations=15 (full 0):
 garbage-first heap   total 41984K, used 14962K [0x0000000081600000, 0x0000000100000000)
  region size 1024K, 2 young (2048K), 2 survivors (2048K)
 Metaspace       used 39111K, committed 39488K, reserved 1089536K
  class space    used 4804K, committed 4992K, reserved 1048576K
}
Event: 8.188 GC heap before
{Heap before GC invocations=15 (full 0):
 garbage-first heap   total 41984K, used 31346K [0x0000000081600000, 0x0000000100000000)
  region size 1024K, 18 young (18432K), 2 survivors (2048K)
 Metaspace       used 41043K, committed 41408K, reserved 1089536K
  class space    used 5078K, committed 5248K, reserved 1048576K
}
Event: 8.195 GC heap after
{Heap after GC invocations=16 (full 0):
 garbage-first heap   total 41984K, used 16352K [0x0000000081600000, 0x0000000100000000)
  region size 1024K, 3 young (3072K), 3 survivors (3072K)
 Metaspace       used 41043K, committed 41408K, reserved 1089536K
  class space    used 5078K, committed 5248K, reserved 1048576K
}
Event: 47.226 GC heap before
{Heap before GC invocations=16 (full 0):
 garbage-first heap   total 41984K, used 30688K [0x0000000081600000, 0x0000000100000000)
  region size 1024K, 17 young (17408K), 3 survivors (3072K)
 Metaspace       used 42630K, committed 43008K, reserved 1089536K
  class space    used 5299K, committed 5504K, reserved 1048576K
}
Event: 47.236 GC heap after
{Heap after GC invocations=17 (full 0):
 garbage-first heap   total 41984K, used 17983K [0x0000000081600000, 0x0000000100000000)
  region size 1024K, 2 young (2048K), 2 survivors (2048K)
 Metaspace       used 42630K, committed 43008K, reserved 1089536K
  class space    used 5299K, committed 5504K, reserved 1048576K
}
Event: 337.116 GC heap before
{Heap before GC invocations=17 (full 0):
 garbage-first heap   total 41984K, used 31295K [0x0000000081600000, 0x0000000100000000)
  region size 1024K, 15 young (15360K), 2 survivors (2048K)
 Metaspace       used 42632K, committed 43008K, reserved 1089536K
  class space    used 5300K, committed 5504K, reserved 1048576K
}
Event: 337.150 GC heap after
{Heap after GC invocations=18 (full 0):
 garbage-first heap   total 41984K, used 18145K [0x0000000081600000, 0x0000000100000000)
  region size 1024K, 1 young (1024K), 1 survivors (1024K)
 Metaspace       used 42632K, committed 43008K, reserved 1089536K
  class space    used 5300K, committed 5504K, reserved 1048576K
}
Event: 414.001 GC heap before
{Heap before GC invocations=18 (full 0):
 garbage-first heap   total 41984K, used 32481K [0x0000000081600000, 0x0000000100000000)
  region size 1024K, 15 young (15360K), 1 survivors (1024K)
 Metaspace       used 46058K, committed 46528K, reserved 1097728K
  class space    used 5638K, committed 5888K, reserved 1048576K
}
Event: 414.006 GC heap after
{Heap after GC invocations=19 (full 0):
 garbage-first heap   total 41984K, used 18484K [0x0000000081600000, 0x0000000100000000)
  region size 1024K, 1 young (1024K), 1 survivors (1024K)
 Metaspace       used 46058K, committed 46528K, reserved 1097728K
  class space    used 5638K, committed 5888K, reserved 1048576K
}

